0 info it worked if it ends with ok
1 verbose cli [ '/Users/meguna/.nvm/versions/node/v6.0.0/bin/node',
1 verbose cli   '/Users/meguna/.nvm/versions/node/v6.0.0/bin/npm',
1 verbose cli   'run',
1 verbose cli   'scss' ]
2 info using npm@3.8.6
3 info using node@v6.0.0
4 verbose run-script [ 'prescss', 'scss', 'postscss' ]
5 info lifecycle quarterone@1.0.0~prescss: quarterone@1.0.0
6 silly lifecycle quarterone@1.0.0~prescss: no script for prescss, continuing
7 info lifecycle quarterone@1.0.0~scss: quarterone@1.0.0
8 verbose lifecycle quarterone@1.0.0~scss: unsafe-perm in lifecycle true
9 verbose lifecycle quarterone@1.0.0~scss: PATH: /Users/meguna/.nvm/versions/node/v6.0.0/lib/node_modules/npm/bin/node-gyp-bin:/Users/meguna/Desktop/quarterone/node_modules/.bin:/Users/meguna/.nvm/versions/node/v6.0.0/bin:/Users/meguna/.nvm/versions/node/v6.0.0/bin:/home/meguna/anaconda/bin:/anaconda/bin:/usr/local/bin:/usr/bin:/bin:/usr/sbin:/sbin:/opt/X11/bin:/Users/meguna/.rvm/bin:/Users/meguna/.rvm/bin
10 verbose lifecycle quarterone@1.0.0~scss: CWD: /Users/meguna/Desktop/quarterone
11 silly lifecycle quarterone@1.0.0~scss: Args: [ '-c',
11 silly lifecycle   'node-sass --watch web_app/styles/scss -o web_app/styles/css' ]
12 silly lifecycle quarterone@1.0.0~scss: Returned: code: 1  signal: null
13 info lifecycle quarterone@1.0.0~scss: Failed to exec scss script
14 verbose stack Error: quarterone@1.0.0 scss: `node-sass --watch web_app/styles/scss -o web_app/styles/css`
14 verbose stack Exit status 1
14 verbose stack     at EventEmitter.<anonymous> (/Users/meguna/.nvm/versions/node/v6.0.0/lib/node_modules/npm/lib/utils/lifecycle.js:239:16)
14 verbose stack     at emitTwo (events.js:106:13)
14 verbose stack     at EventEmitter.emit (events.js:191:7)
14 verbose stack     at ChildProcess.<anonymous> (/Users/meguna/.nvm/versions/node/v6.0.0/lib/node_modules/npm/lib/utils/spawn.js:24:14)
14 verbose stack     at emitTwo (events.js:106:13)
14 verbose stack     at ChildProcess.emit (events.js:191:7)
14 verbose stack     at maybeClose (internal/child_process.js:850:16)
14 verbose stack     at Process.ChildProcess._handle.onexit (internal/child_process.js:215:5)
15 verbose pkgid quarterone@1.0.0
16 verbose cwd /Users/meguna/Desktop/quarterone
17 error Darwin 16.6.0
18 error argv "/Users/meguna/.nvm/versions/node/v6.0.0/bin/node" "/Users/meguna/.nvm/versions/node/v6.0.0/bin/npm" "run" "scss"
19 error node v6.0.0
20 error npm  v3.8.6
21 error code ELIFECYCLE
22 error quarterone@1.0.0 scss: `node-sass --watch web_app/styles/scss -o web_app/styles/css`
22 error Exit status 1
23 error Failed at the quarterone@1.0.0 scss script 'node-sass --watch web_app/styles/scss -o web_app/styles/css'.
23 error Make sure you have the latest version of node.js and npm installed.
23 error If you do, this is most likely a problem with the quarterone package,
23 error not with npm itself.
23 error Tell the author that this fails on your system:
23 error     node-sass --watch web_app/styles/scss -o web_app/styles/css
23 error You can get information on how to open an issue for this project with:
23 error     npm bugs quarterone
23 error Or if that isn't available, you can get their info via:
23 error     npm owner ls quarterone
23 error There is likely additional logging output above.
24 verbose exit [ 1, true ]
